Script started on Wed Dec  5 11:43:23 2018
   : Loading /src/plan.sh
   kitchen-transport-rsync-ssh: Plan loaded
   kitchen-transport-rsync-ssh: Validating plan metadata
   kitchen-transport-rsync-ssh: Using HAB_BIN=/hab/pkgs/core/hab/0.69.0/20181127182011/bin/hab for installs, signing, and hashing
   kitchen-transport-rsync-ssh: hab-plan-build setup
   kitchen-transport-rsync-ssh: Writing pre_build file
   kitchen-transport-rsync-ssh: Resolving build dependencies
   kitchen-transport-rsync-ssh: Resolving run dependencies
[1;33mÂ» Installing core/gawk[0m
[1;32mâ˜ Determining[0m latest version of core/gawk in the 'stable' channel
[1;32mâ†’ Using[0m core/gawk/4.2.0/20180608093856
[1;34mâ˜… Install of core/gawk/4.2.0/20180608093856 complete with 0 new packages installed.[0m
   kitchen-transport-rsync-ssh: Resolved dependency 'core/gawk' to /hab/pkgs/core/gawk/4.2.0/20180608093856
[1;33mÂ» Installing core/bash[0m
[1;32mâ˜ Determining[0m latest version of core/bash in the 'stable' channel
[1;32mâ†’ Using[0m core/bash/4.4.19/20180608092913
[1;34mâ˜… Install of core/bash/4.4.19/20180608092913 complete with 0 new packages installed.[0m
   kitchen-transport-rsync-ssh: Resolved dependency 'core/bash' to /hab/pkgs/core/bash/4.4.19/20180608092913
[1;33mÂ» Installing core/hab[0m
[1;32mâ˜ Determining[0m latest version of core/hab in the 'stable' channel
[1;32mâ†’ Using[0m core/hab/0.69.0/20181127182011
[1;34mâ˜… Install of core/hab/0.69.0/20181127182011 complete with 0 new packages installed.[0m
   kitchen-transport-rsync-ssh: Resolved dependency 'core/hab' to /hab/pkgs/core/hab/0.69.0/20181127182011
[1;33mÂ» Installing core/git[0m
[1;32mâ˜ Determining[0m latest version of core/git in the 'stable' channel
[1;32mâ˜› Verifying[0m core/git/2.18.0/20181102041503
[1;32mâ†’ Using[0m core/acl/2.2.52/20180608091922
[1;32mâ†’ Using[0m core/attr/2.4.47/20180608091914
[1;32mâ˜› Verifying[0m core/bzip2/1.0.6/20180608091727
[1;32mâ†’ Using[0m core/cacerts/2018.03.07/20180608102212
[1;32mâ†’ Using[0m core/coreutils/8.29/20180608092141
[1;32mâ˜› Verifying[0m core/curl/7.62.0/20181102040704
[1;32mâ˜› Verifying[0m core/db/5.3.28/20180608094030
[1;32mâ˜› Verifying[0m core/expat/2.2.5/20180608094017
[1;32mâ†’ Using[0m core/gcc-libs/7.3.0/20180608091701
[1;32mâ˜› Verifying[0m core/gdbm/1.14.1/20180608094002
[1;32mâ˜› Verifying[0m core/gettext/0.19.8/20180608100147
[1;32mâ†’ Using[0m core/glibc/2.27/20180608041157
[1;32mâ†’ Using[0m core/gmp/6.1.2/20180608051426
[1;32mâ˜› Verifying[0m core/less/530/20180608094202
[1;32mâ†’ Using[0m core/libcap/2.25/20180608091936
[1;32mâ†’ Using[0m core/linux-headers/4.15.9/20180608041107
[1;32mâ†’ Using[0m core/ncurses/6.1/20180608091810
[1;32mâ˜› Verifying[0m core/nghttp2/1.34.0/20181008145126
[1;32mâ˜› Verifying[0m core/openssh/7.5p1/20180608142228
[1;32mâ†’ Using[0m core/openssl/1.0.2n/20180608102213
[1;32mâ†’ Using[0m core/pcre/8.41/20180608092740
[1;32mâ˜› Verifying[0m core/perl/5.26.1/20180608094208
[1;32mâ˜› Verifying[0m core/xz/5.2.3/20180608100110
[1;32mâ†’ Using[0m core/zlib/1.2.11/20180608050617
[1;32mâœ“ Installed[0m core/bzip2/1.0.6/20180608091727
[1;32mâœ“ Installed[0m core/curl/7.62.0/20181102040704
[1;32mâœ“ Installed[0m core/db/5.3.28/20180608094030
[1;32mâœ“ Installed[0m core/expat/2.2.5/20180608094017
[1;32mâœ“ Installed[0m core/gdbm/1.14.1/20180608094002
[1;32mâœ“ Installed[0m core/gettext/0.19.8/20180608100147
[1;32mâœ“ Installed[0m core/less/530/20180608094202
[1;32mâœ“ Installed[0m core/nghttp2/1.34.0/20181008145126
[1;32mâœ“ Installed[0m core/openssh/7.5p1/20180608142228
[1;32mâœ“ Installed[0m core/perl/5.26.1/20180608094208
[1;32mâœ“ Installed[0m core/xz/5.2.3/20180608100110
[1;32mâœ“ Installed[0m core/git/2.18.0/20181102041503
[1;34mâ˜… Install of core/git/2.18.0/20181102041503 complete with 12 new packages installed.[0m
   kitchen-transport-rsync-ssh: Resolved dependency 'core/git' to /hab/pkgs/core/git/2.18.0/20181102041503
[1;33mÂ» Installing core/ruby/2.5.1[0m
[1;32mâ˜ Determining[0m latest version of core/ruby/2.5.1 in the 'stable' channel
[1;32mâ†’ Using[0m core/ruby/2.5.1/20180702162818
[1;34mâ˜… Install of core/ruby/2.5.1/20180702162818 complete with 0 new packages installed.[0m
   kitchen-transport-rsync-ssh: Resolved dependency 'core/ruby/2.5.1' to /hab/pkgs/core/ruby/2.5.1/20180702162818
   kitchen-transport-rsync-ssh: Setting up environment
   kitchen-transport-rsync-ssh: Populating runtime environment from dependencies
   kitchen-transport-rsync-ssh: Populating buildtime environment from dependencies
   kitchen-transport-rsync-ssh: Layering runtime environment on top of system environment
   kitchen-transport-rsync-ssh: Layering buildtime environment on top of system environment
   kitchen-transport-rsync-ssh: Setting PATH=/hab/pkgs/core/gawk/4.2.0/20180608093856/bin:/hab/pkgs/core/bash/4.4.19/20180608092913/bin:/hab/pkgs/core/hab/0.69.0/20181127182011/bin:/hab/pkgs/core/git/2.18.0/20181102041503/bin:/hab/pkgs/core/ruby/2.5.1/20180702162818/bin:/hab/pkgs/core/glibc/2.27/20180608041157/bin:/hab/pkgs/core/ncurses/6.1/20180608091810/bin:/hab/pkgs/core/acl/2.2.52/20180608091922/bin:/hab/pkgs/core/attr/2.4.47/20180608091914/bin:/hab/pkgs/core/bzip2/1.0.6/20180608091727/bin:/hab/pkgs/core/coreutils/8.29/20180608092141/bin:/hab/pkgs/core/curl/7.62.0/20181102040704/bin:/hab/pkgs/core/db/5.3.28/20180608094030/bin:/hab/pkgs/core/expat/2.2.5/20180608094017/bin:/hab/pkgs/core/gdbm/1.14.1/20180608094002/bin:/hab/pkgs/core/gettext/0.19.8/20180608100147/bin:/hab/pkgs/core/less/530/20180608094202/bin:/hab/pkgs/core/libcap/2.25/20180608091936/bin:/hab/pkgs/core/openssh/7.5p1/20180608142228/bin:/hab/pkgs/core/openssh/7.5p1/20180608142228/sbin:/hab/pkgs/core/openssh/7.5p1/20180608142228/libexec:/hab/pkgs/core/openssl/1.0.2n/20180608102213/bin:/hab/pkgs/core/pcre/8.41/20180608092740/bin:/hab/pkgs/core/perl/5.26.1/20180608094208/bin:/hab/pkgs/core/xz/5.2.3/20180608100110/bin:/hab/pkgs/core/binutils/2.30/20180608050633/bin:/hab/pkgs/core/grep/3.1/20180608092809/bin:/hab/pkgs/core/libtool/2.4.6/20180608093951/bin:/hab/pkgs/core/sed/4.4/20180608091938/bin:/hab/pkgs/core/hab-plan-build/0.69.0/20181127183503/bin:/hab/pkgs/core/bash/4.3.42/20170513213519/bin:/hab/pkgs/core/binutils/2.25.1/20170513201927/bin:/hab/pkgs/core/bzip2/1.0.6/20170513212938/bin:/hab/pkgs/core/coreutils/8.25/20170513213226/bin:/hab/pkgs/core/file/5.24/20170513201915/bin:/hab/pkgs/core/findutils/4.4.2/20170513214305/bin:/hab/pkgs/core/gawk/4.1.3/20170513213646/bin:/hab/pkgs/core/grep/2.22/20170513213444/bin:/hab/pkgs/core/gzip/1.6/20170513214605/bin:/hab/pkgs/core/hab/0.69.0/20181127182011/bin:/hab/pkgs/core/rq/0.9.2/20170612005822/bin:/hab/pkgs/core/sed/4.2.2/20170513213123/bin:/hab/pkgs/core/tar/1.29/20170513213607/bin:/hab/pkgs/core/unzip/6.0/20180310001951/bin:/hab/pkgs/core/wget/1.19.1/20171024102323/bin:/hab/pkgs/core/xz/5.2.2/20170513214327/bin:/hab/pkgs/core/glibc/2.22/20170513201042/bin:/hab/pkgs/core/ncurses/6.0/20170513213009/bin:/hab/pkgs/core/acl/2.2.52/20170513213108/bin:/hab/pkgs/core/attr/2.4.47/20170513213059/bin:/hab/pkgs/core/libcap/2.24/20170513213120/bin:/hab/pkgs/core/pcre/8.38/20170513213423/bin:/hab/pkgs/core/less/481/20170513213936/bin:/hab/pkgs/core/libidn/1.32/20170513215043/bin:/hab/pkgs/core/openssl/1.0.2l/20171014213633/bin
   kitchen-transport-rsync-ssh: Clean the cache
   kitchen-transport-rsync-ssh: Setting build environment
mkdir: created directory '/hab/cache/src/kitchen-transport-rsync-ssh-1.4'
   kitchen-transport-rsync-ssh: Setting PREFIX=/hab/pkgs/hab-shell/kitchen-transport-rsync-ssh/1.4/20181205114323
   kitchen-transport-rsync-ssh: Setting LD_RUN_PATH=/hab/pkgs/core/git/2.18.0/20181102041503/lib:/hab/pkgs/core/ruby/2.5.1/20180702162818/lib
   kitchen-transport-rsync-ssh: Setting CFLAGS=-I/hab/pkgs/core/ruby/2.5.1/20180702162818/include
   kitchen-transport-rsync-ssh: Setting CXXFLAGS=-I/hab/pkgs/core/ruby/2.5.1/20180702162818/include
   kitchen-transport-rsync-ssh: Setting CPPFLAGS=-I/hab/pkgs/core/ruby/2.5.1/20180702162818/include
   kitchen-transport-rsync-ssh: Setting LDFLAGS=-L/hab/pkgs/core/git/2.18.0/20181102041503/lib -L/hab/pkgs/core/ruby/2.5.1/20180702162818/lib
   kitchen-transport-rsync-ssh: Setting PKG_CONFIG_PATH=/hab/pkgs/core/bash/4.4.19/20180608092913/lib/pkgconfig:/hab/pkgs/core/ruby/2.5.1/20180702162818/lib/pkgconfig
   kitchen-transport-rsync-ssh: Preparing to build
   kitchen-transport-rsync-ssh: Building
   kitchen-transport-rsync-ssh: Installing
mkdir: created directory '/hab/pkgs/hab-shell/kitchen-transport-rsync-ssh/1.4'
mkdir: created directory '/hab/pkgs/hab-shell/kitchen-transport-rsync-ssh/1.4/20181205114323'
   kitchen-transport-rsync-ssh: Writing configuration
   kitchen-transport-rsync-ssh: Writing service management scripts
   kitchen-transport-rsync-ssh: Stripping unneeded symbols from binaries and libraries
   kitchen-transport-rsync-ssh: Building package metadata
   kitchen-transport-rsync-ssh: Generating blake2b hashes of all files in the package
   kitchen-transport-rsync-ssh: Generating signed metadata FILES
[1;33mÂ» Signing kitchen-transport-rsync-ssh_blake2bsums[0m
[1;36mâ˜› Signing[0m kitchen-transport-rsync-ssh_blake2bsums with hab-shell-20180516112716 to create /hab/pkgs/hab-shell/kitchen-transport-rsync-ssh/1.4/20181205114323/FILES
[1;34mâ˜… Signed artifact /hab/pkgs/hab-shell/kitchen-transport-rsync-ssh/1.4/20181205114323/FILES.[0m
   kitchen-transport-rsync-ssh: Creating manifest
   kitchen-transport-rsync-ssh: Generating package artifact
/hab/pkgs/core/tar/1.29/20170513213607/bin/tar: Removing leading `/' from member names
/hab/cache/artifacts/.hab-shell-kitchen-transport-rsync-ssh-1.4-20181205114323-x86_64-linux.tar (1/1)
  100 %           2212 B / 20.0 KiB = 0.108                                    
[1;33mÂ» Signing /hab/cache/artifacts/.hab-shell-kitchen-transport-rsync-ssh-1.4-20181205114323-x86_64-linux.tar.xz[0m
[1;36mâ˜› Signing[0m /hab/cache/artifacts/.hab-shell-kitchen-transport-rsync-ssh-1.4-20181205114323-x86_64-linux.tar.xz with hab-shell-20180516112716 to create /hab/cache/artifacts/hab-shell-kitchen-transport-rsync-ssh-1.4-20181205114323-x86_64-linux.hart
[1;34mâ˜… Signed artifact /hab/cache/artifacts/hab-shell-kitchen-transport-rsync-ssh-1.4-20181205114323-x86_64-linux.hart.[0m
'/hab/cache/artifacts/hab-shell-kitchen-transport-rsync-ssh-1.4-20181205114323-x86_64-linux.hart' -> '/src/results/hab-shell-kitchen-transport-rsync-ssh-1.4-20181205114323-x86_64-linux.hart'
   kitchen-transport-rsync-ssh: hab-plan-build cleanup
   kitchen-transport-rsync-ssh: 
   kitchen-transport-rsync-ssh: Source Path: /src
   kitchen-transport-rsync-ssh: Installed Path: /hab/pkgs/hab-shell/kitchen-transport-rsync-ssh/1.4/20181205114323
   kitchen-transport-rsync-ssh: Artifact: /src/results/hab-shell-kitchen-transport-rsync-ssh-1.4-20181205114323-x86_64-linux.hart
   kitchen-transport-rsync-ssh: Build Report: /src/results/last_build.env
   kitchen-transport-rsync-ssh: SHA256 Checksum: e6d1840ecfda16793e4b36b3a0c3f570d45c37cc01a6a742a78098a4c137b98b
   kitchen-transport-rsync-ssh: Blake2b Checksum: 5ad11e8a711e60b0c957540dda84ba4334c3cd0bf301d8fa1743a831887f13dd
   kitchen-transport-rsync-ssh: 
   kitchen-transport-rsync-ssh: I love it when a plan.sh comes together.
   kitchen-transport-rsync-ssh: 
   kitchen-transport-rsync-ssh: Build time: 0m10s

Script done on Wed Dec  5 11:43:33 2018
